\BOOKMARK [0][-]{chapter.1}{\376\377\000I\000n\000t\000r\000o\000d\000u\000c\000c\000i\000\363\000n\000\040\000a\000\040\000I\000v\000o\000z\000p\000r\000o\000v\000i\000d\000e\000r}{}% 1
\BOOKMARK [1][-]{section.1.1}{\376\377\000S\000o\000b\000r\000e\000\040\000e\000s\000t\000e\000\040\000d\000o\000c\000u\000m\000e\000n\000t\000o}{chapter.1}% 2
\BOOKMARK [1][-]{section.1.2}{\376\377\000O\000b\000t\000e\000n\000e\000r\000\040\000a\000y\000u\000d\000a}{chapter.1}% 3
\BOOKMARK [1][-]{section.1.3}{\376\377\000\277\000Q\000u\000\351\000\040\000e\000s\000\040\000I\000v\000o\000z\000P\000r\000o\000v\000i\000d\000e\000r\000?}{chapter.1}% 4
\BOOKMARK [1][-]{section.1.4}{\376\377\000\277\000Q\000u\000\351\000\040\000h\000a\000y\000\040\000d\000e\000n\000t\000r\000o\000\040\000d\000e\000\040\000I\000v\000o\000z\000P\000r\000o\000v\000i\000d\000e\000r\000?}{chapter.1}% 5
\BOOKMARK [1][-]{section.1.5}{\376\377\000\277\000Q\000u\000i\000\351\000n\000\040\000d\000e\000b\000e\000r\000\355\000a\000\040\000d\000e\000\040\000u\000s\000a\000r\000\040\000I\000v\000o\000z\000P\000r\000o\000v\000i\000d\000e\000r\000?}{chapter.1}% 6
\BOOKMARK [0][-]{chapter.2}{\376\377\000A\000r\000q\000u\000i\000t\000e\000c\000t\000u\000r\000a\000\040\000g\000e\000n\000e\000r\000a\000l\000\040\000d\000e\000\040\000l\000a\000\040\000p\000l\000a\000t\000a\000f\000o\000r\000m\000a}{}% 7
\BOOKMARK [1][-]{section.2.1}{\376\377\000E\000s\000q\000u\000e\000m\000a\000\040\000g\000e\000n\000e\000r\000a\000l}{chapter.2}% 8
\BOOKMARK [1][-]{section.2.2}{\376\377\000F\000l\000u\000j\000o\000\040\000s\000e\000\361\000a\000l\000i\000z\000a\000c\000i\000\363\000n\000\040\000S\000I\000P}{chapter.2}% 9
\BOOKMARK [1][-]{section.2.3}{\376\377\000F\000l\000u\000j\000o\000\040\000a\000u\000d\000i\000o\000\040\000R\000T\000P}{chapter.2}% 10
\BOOKMARK [1][-]{section.2.4}{\376\377\000T\000r\000\341\000f\000i\000c\000o\000\040\000H\000T\000T\000P\000S}{chapter.2}% 11
\BOOKMARK [1][-]{section.2.5}{\376\377\000E\000l\000e\000m\000e\000n\000t\000o\000s\000\040\000a\000d\000i\000c\000i\000o\000n\000a\000l\000e\000s}{chapter.2}% 12
\BOOKMARK [1][-]{section.2.6}{\376\377\000E\000l\000e\000m\000e\000n\000t\000o\000s\000\040\000a\000u\000x\000i\000l\000i\000a\000r\000e\000s}{chapter.2}% 13
\BOOKMARK [0][-]{chapter.3}{\376\377\000R\000o\000l\000e\000s\000\040\000d\000e\000\040\000l\000a\000\040\000p\000l\000a\000t\000a\000f\000o\000r\000m\000a}{}% 14
\BOOKMARK [1][-]{section.3.1}{\376\377\000R\000o\000l\000\040\000d\000e\000\040\000a\000d\000m\000i\000n\000i\000s\000t\000r\000a\000d\000o\000r\000\040\000g\000l\000o\000b\000a\000l}{chapter.3}% 15
\BOOKMARK [1][-]{section.3.2}{\376\377\000R\000o\000l\000\040\000d\000e\000\040\000o\000p\000e\000r\000a\000d\000o\000r\000\040\000d\000e\000\040\000m\000a\000r\000c\000a}{chapter.3}% 16
\BOOKMARK [1][-]{section.3.3}{\376\377\000R\000o\000l\000\040\000d\000e\000\040\000a\000d\000m\000i\000n\000i\000s\000t\000r\000a\000d\000o\000r\000\040\000d\000e\000\040\000e\000m\000p\000r\000e\000s\000a}{chapter.3}% 17
\BOOKMARK [1][-]{section.3.4}{\376\377\000R\000o\000l\000\040\000d\000e\000\040\000u\000s\000u\000a\000r\000i\000o\000\040\000f\000i\000n\000a\000l}{chapter.3}% 18
\BOOKMARK [0][-]{chapter.4}{\376\377\000I\000n\000s\000t\000a\000l\000a\000c\000i\000\363\000n\000\040\000i\000n\000i\000c\000i\000a\000l}{}% 19
\BOOKMARK [1][-]{section.4.1}{\376\377\000T\000i\000p\000o\000s\000\040\000d\000e\000\040\000i\000n\000s\000t\000a\000l\000a\000c\000i\000\363\000n}{chapter.4}% 20
\BOOKMARK [1][-]{section.4.2}{\376\377\000R\000e\000q\000u\000i\000s\000i\000t\000o\000s\000\040\000m\000\355\000n\000i\000m\000o\000s}{chapter.4}% 21
\BOOKMARK [1][-]{section.4.3}{\376\377\000I\000n\000s\000t\000a\000l\000a\000c\000i\000\363\000n\000\040\000p\000o\000r\000\040\000p\000a\000q\000u\000e\000t\000e\000s\000\040\000D\000e\000b\000i\000a\000n}{chapter.4}% 22
\BOOKMARK [1][-]{section.4.4}{\376\377\000C\000D\000s\000\040\000a\000u\000t\000o\000m\000\341\000t\000i\000c\000o\000s\000\040\000d\000e\000\040\000i\000n\000s\000t\000a\000l\000a\000c\000i\000\363\000n}{chapter.4}% 23
\BOOKMARK [1][-]{section.4.5}{\376\377\000C\000o\000m\000p\000o\000n\000e\000n\000t\000e\000s\000\040\000e\000x\000t\000r\000a}{chapter.4}% 24
\BOOKMARK [0][-]{chapter.5}{\376\377\000R\000e\000a\000l\000i\000z\000a\000r\000\040\000l\000l\000a\000m\000a\000d\000a\000s\000\040\000i\000n\000t\000e\000r\000n\000a\000s}{}% 25
\BOOKMARK [1][-]{section.5.1}{\376\377\000G\000e\000s\000t\000i\000\363\000n\000\040\000G\000e\000n\000e\000r\000a\000l}{chapter.5}% 26
\BOOKMARK [1][-]{section.5.2}{\376\377\000C\000o\000n\000f\000i\000g\000u\000r\000a\000c\000i\000\363\000n\000\040\000d\000e\000\040\000M\000a\000r\000c\000a}{chapter.5}% 27
\BOOKMARK [1][-]{section.5.3}{\376\377\000C\000o\000n\000f\000i\000g\000u\000r\000a\000c\000i\000\363\000n\000\040\000d\000e\000\040\000C\000o\000m\000p\000a\000\361\000\355\000a}{chapter.5}% 28
\BOOKMARK [1][-]{section.5.4}{\376\377\000C\000o\000n\000f\000i\000g\000u\000r\000a\000r\000\040\000t\000e\000r\000m\000i\000n\000a\000l\000e\000s\000\040\000S\000I\000P}{chapter.5}% 29
\BOOKMARK [0][-]{chapter.6}{\376\377\000R\000e\000c\000i\000b\000i\000r\000\040\000l\000l\000a\000m\000a\000d\000a\000s\000\040\000e\000x\000t\000e\000r\000n\000a\000s}{}% 30
\BOOKMARK [1][-]{section.6.1}{\376\377\000T\000r\000a\000n\000s\000f\000o\000r\000m\000a\000c\000i\000o\000n\000e\000s\000\040\000n\000u\000m\000\351\000r\000i\000c\000a\000s}{chapter.6}% 31
\BOOKMARK [1][-]{section.6.2}{\376\377\000C\000o\000n\000f\000i\000g\000u\000r\000a\000r\000\040\000C\000o\000n\000t\000r\000a\000t\000o\000\040\000d\000e\000\040\000P\000e\000e\000r\000i\000n\000g}{chapter.6}% 32
\BOOKMARK [1][-]{section.6.3}{\376\377\000D\000a\000r\000\040\000d\000e\000\040\000a\000l\000t\000a\000\040\000u\000n\000\040\000D\000D\000I\000\040\000e\000x\000t\000e\000r\000n\000o}{chapter.6}% 33
\BOOKMARK [1][-]{section.6.4}{\376\377\000C\000o\000n\000f\000i\000g\000u\000r\000a\000r\000\040\000t\000r\000a\000t\000a\000m\000i\000e\000n\000t\000o\000\040\000e\000n\000\040\000e\000n\000t\000r\000a\000d\000a}{chapter.6}% 34
\BOOKMARK [0][-]{chapter.7}{\376\377\000R\000e\000a\000l\000i\000z\000a\000r\000\040\000l\000l\000a\000m\000a\000d\000a\000s\000\040\000e\000x\000t\000e\000r\000n\000a\000s}{}% 35
\BOOKMARK [1][-]{section.7.1}{\376\377\000\277\000A\000\040\000d\000\363\000n\000d\000e\000\040\000l\000l\000a\000m\000o\000?}{chapter.7}% 36
\BOOKMARK [1][-]{section.7.2}{\376\377\000R\000u\000t\000a\000s\000\040\000s\000a\000l\000i\000e\000n\000t\000e\000s}{chapter.7}% 37
\BOOKMARK [1][-]{section.7.3}{\376\377\000C\000o\000n\000f\000i\000g\000u\000r\000a\000r\000\040\000D\000D\000I\000\040\000s\000a\000l\000i\000e\000n\000t\000e}{chapter.7}% 38
\BOOKMARK [1][-]{section.7.4}{\376\377\000S\000i\000n\000\040\000p\000l\000a\000n\000\040\000d\000e\000\040\000p\000r\000e\000c\000i\000o\000,\000\040\000n\000o\000\040\000h\000a\000y\000\040\000l\000l\000a\000m\000a\000d\000a}{chapter.7}% 39
\BOOKMARK [0][-]{chapter.8}{\376\377\000F\000u\000n\000c\000i\000o\000n\000a\000l\000i\000d\000a\000d\000e\000s\000\040\000d\000e\000\040\000P\000B\000X}{}% 40
\BOOKMARK [1][-]{section.8.1}{\376\377\000E\000x\000t\000e\000n\000s\000i\000o\000n\000e\000s}{chapter.8}% 41
\BOOKMARK [1][-]{section.8.2}{\376\377\000T\000e\000r\000m\000i\000n\000a\000l\000e\000s}{chapter.8}% 42
\BOOKMARK [1][-]{section.8.3}{\376\377\000C\000o\000n\000t\000r\000o\000l\000\040\000A\000C\000L\000\040\000p\000a\000r\000a\000\040\000l\000l\000a\000m\000a\000d\000a\000s}{chapter.8}% 43
\BOOKMARK [1][-]{section.8.4}{\376\377\000U\000s\000u\000a\000r\000i\000o\000s}{chapter.8}% 44
\BOOKMARK [1][-]{section.8.5}{\376\377\000F\000r\000i\000e\000n\000d\000s}{chapter.8}% 45
\BOOKMARK [1][-]{section.8.6}{\376\377\000M\000\372\000s\000i\000c\000a\000\040\000e\000n\000\040\000e\000s\000p\000e\000r\000a}{chapter.8}% 46
\BOOKMARK [1][-]{section.8.7}{\376\377\000L\000o\000c\000u\000c\000i\000o\000n\000e\000s}{chapter.8}% 47
\BOOKMARK [1][-]{section.8.8}{\376\377\000R\000e\000g\000l\000a\000s\000\040\000D\000D\000I\000\040\000d\000e\000\040\000s\000a\000l\000i\000d\000a}{chapter.8}% 48
\BOOKMARK [1][-]{section.8.9}{\376\377\000F\000i\000l\000t\000r\000o\000s\000\040\000d\000e\000\040\000e\000n\000t\000r\000a\000d\000a\000\040\000e\000x\000t\000e\000r\000n\000o}{chapter.8}% 49
\BOOKMARK [1][-]{section.8.10}{\376\377\000L\000i\000s\000t\000a\000s\000\040\000d\000e\000\040\000c\000o\000i\000n\000c\000i\000d\000e\000n\000c\000i\000a}{chapter.8}% 50
\BOOKMARK [1][-]{section.8.11}{\376\377\000C\000a\000n\000d\000a\000d\000o\000s}{chapter.8}% 51
\BOOKMARK [1][-]{section.8.12}{\376\377\000R\000u\000t\000a\000s\000\040\000c\000o\000n\000d\000i\000c\000i\000o\000n\000a\000l\000e\000s}{chapter.8}% 52
\BOOKMARK [1][-]{section.8.13}{\376\377\000G\000r\000u\000p\000o\000s\000\040\000d\000e\000\040\000s\000a\000l\000t\000o}{chapter.8}% 53
\BOOKMARK [1][-]{section.8.14}{\376\377\000C\000o\000l\000a\000s}{chapter.8}% 54
\BOOKMARK [1][-]{section.8.15}{\376\377\000I\000n\000t\000e\000r\000a\000c\000t\000i\000v\000e\000\040\000V\000o\000i\000c\000e\000\040\000R\000e\000s\000p\000o\000n\000s\000e\000\040\000\050\000I\000V\000R\000\051}{chapter.8}% 55
\BOOKMARK [1][-]{section.8.16}{\376\377\000S\000a\000l\000a\000s\000\040\000d\000e\000\040\000a\000u\000d\000i\000o\000c\000o\000n\000f\000e\000r\000e\000n\000c\000i\000a\000s}{chapter.8}% 56
\BOOKMARK [1][-]{section.8.17}{\376\377\000D\000D\000I\000s\000\040\000e\000x\000t\000e\000r\000n\000o\000s}{chapter.8}% 57
\BOOKMARK [1][-]{section.8.18}{\376\377\000C\000a\000p\000t\000u\000r\000a\000s\000\040\000d\000e\000\040\000l\000l\000a\000m\000a\000d\000a}{chapter.8}% 58
\BOOKMARK [1][-]{section.8.19}{\376\377\000S\000e\000r\000v\000i\000c\000i\000o\000s\000\040\000a\000d\000i\000c\000i\000o\000n\000a\000l\000e\000s}{chapter.8}% 59
\BOOKMARK [1][-]{section.8.20}{\376\377\000G\000r\000a\000b\000a\000c\000i\000\363\000n\000\040\000d\000e\000\040\000l\000l\000a\000m\000a\000d\000a\000s}{chapter.8}% 60
\BOOKMARK [0][-]{chapter.9}{\376\377\000C\000l\000i\000e\000n\000t\000e\000s\000\040\000R\000e\000t\000a\000i\000l}{}% 61
\BOOKMARK [1][-]{section.9.1}{\376\377\000C\000u\000e\000n\000t\000a\000s\000\040\000R\000e\000t\000a\000i\000l}{chapter.9}% 62
\BOOKMARK [1][-]{section.9.2}{\376\377\000F\000i\000l\000t\000r\000o\000s\000\040\000D\000D\000I\000\040\000R\000e\000t\000a\000i\000l}{chapter.9}% 63
\BOOKMARK [1][-]{section.9.3}{\376\377\000D\000D\000I\000s\000\040\000R\000e\000t\000a\000i\000l}{chapter.9}% 64
\BOOKMARK [1][-]{section.9.4}{\376\377\000S\000i\000s\000t\000e\000m\000a\000\040\000d\000e\000\040\000F\000a\000x\000\040\000V\000i\000r\000t\000u\000a\000l}{chapter.9}% 65
\BOOKMARK [0][-]{chapter.10}{\376\377\000T\000a\000r\000i\000f\000i\000c\000a\000c\000i\000\363\000n\000\040\000y\000\040\000f\000a\000c\000t\000u\000r\000a\000c\000i\000\363\000n}{}% 66
\BOOKMARK [1][-]{section.10.1}{\376\377\000H\000i\000s\000t\000\363\000r\000i\000c\000o\000\040\000d\000e\000\040\000l\000l\000a\000m\000a\000d\000a\000s}{chapter.10}% 67
\BOOKMARK [1][-]{section.10.2}{\376\377\000L\000l\000a\000m\000a\000d\000a\000s\000\040\000f\000a\000c\000t\000u\000r\000a\000b\000l\000e\000s}{chapter.10}% 68
\BOOKMARK [1][-]{section.10.3}{\376\377\000P\000l\000a\000n\000e\000s\000\040\000d\000e\000\040\000p\000r\000e\000c\000i\000o}{chapter.10}% 69
\BOOKMARK [1][-]{section.10.4}{\376\377\000T\000a\000r\000i\000f\000i\000c\000a\000c\000i\000\363\000n\000\040\000d\000e\000\040\000l\000l\000a\000m\000a\000d\000a\000s}{chapter.10}% 70
\BOOKMARK [1][-]{section.10.5}{\376\377\000G\000e\000n\000e\000r\000a\000c\000i\000\363\000n\000\040\000d\000e\000\040\000f\000a\000c\000t\000u\000r\000a\000s}{chapter.10}% 71
\BOOKMARK [0][-]{chapter.11}{\376\377\000P\000r\000o\000v\000i\000s\000i\000\363\000n\000\040\000d\000e\000\040\000t\000e\000r\000m\000i\000n\000a\000l\000e\000s}{}% 72
\BOOKMARK [1][-]{section.11.1}{\376\377\000I\000n\000t\000r\000o\000d\000u\000c\000c\000i\000\363\000n}{chapter.11}% 73
\BOOKMARK [1][-]{section.11.2}{\376\377\000C\000o\000n\000f\000i\000g\000u\000r\000a\000c\000i\000\363\000n\000\040\000d\000e\000\040\000m\000o\000d\000e\000l\000o\000s\000\040\000s\000o\000p\000o\000r\000t\000a\000d\000o\000s}{chapter.11}% 74
\BOOKMARK [1][-]{section.11.3}{\376\377\000D\000e\000t\000a\000l\000l\000e\000s\000\040\000t\000\351\000c\000n\000i\000c\000o\000s}{chapter.11}% 75
\BOOKMARK [0][-]{chapter.12}{\376\377\000P\000o\000r\000t\000a\000l\000\040\000d\000e\000\040\000u\000s\000u\000a\000r\000i\000o}{}% 76
\BOOKMARK [1][-]{section.12.1}{\376\377\000U\000R\000L\000s\000\040\000d\000e\000\040\000a\000c\000c\000e\000s\000o}{chapter.12}% 77
\BOOKMARK [1][-]{section.12.2}{\376\377\000C\000r\000e\000d\000e\000n\000c\000i\000a\000l\000e\000s\000\040\000d\000e\000\040\000a\000c\000c\000e\000s\000o}{chapter.12}% 78
\BOOKMARK [0][-]{chapter.13}{\376\377\000E\000l\000e\000m\000e\000n\000t\000o\000s\000\040\000d\000e\000\040\000s\000e\000g\000u\000r\000i\000d\000a\000d}{}% 79
\BOOKMARK [1][-]{section.13.1}{\376\377\000C\000o\000r\000t\000a\000f\000u\000e\000g\000o\000s}{chapter.13}% 80
\BOOKMARK [1][-]{section.13.2}{\376\377\000R\000a\000n\000g\000o\000s\000\040\000d\000e\000\040\000I\000P\000\040\000a\000u\000t\000o\000r\000i\000z\000a\000d\000o\000s\000\040\000p\000o\000r\000\040\000e\000m\000p\000r\000e\000s\000a}{chapter.13}% 81
\BOOKMARK [1][-]{section.13.3}{\376\377\000A\000n\000t\000i\000-\000F\000l\000o\000o\000d\000i\000n\000g}{chapter.13}% 82
\BOOKMARK [1][-]{section.13.4}{\376\377\000L\000\355\000m\000i\000t\000e\000\040\000d\000e\000\040\000l\000l\000a\000m\000a\000d\000a\000s\000\040\000c\000o\000n\000c\000u\000r\000r\000e\000n\000t\000e\000s}{chapter.13}% 83
\BOOKMARK [0][-]{chapter.14}{\376\377\000M\000a\000n\000t\000e\000n\000i\000m\000i\000e\000n\000t\000o\000\040\000d\000e\000\040\000l\000a\000\040\000s\000o\000l\000u\000c\000i\000\363\000n}{}% 84
\BOOKMARK [1][-]{section.14.1}{\376\377\000A\000n\000a\000l\000i\000z\000a\000n\000d\000o\000\040\000e\000l\000\040\000t\000r\000\341\000f\000i\000c\000o\000\040\000S\000I\000P}{chapter.14}% 85
\BOOKMARK [1][-]{section.14.2}{\376\377\000V\000i\000s\000o\000r\000\040\000d\000e\000\040\000l\000o\000g\000s}{chapter.14}% 86
