\BOOKMARK [0][-]{chapter.1}{\376\377\000I\000n\000t\000r\000o\000d\000u\000c\000t\000i\000o\000n\000\040\000t\000o\000\040\000I\000v\000o\000z\000P\000r\000o\000v\000i\000d\000e\000r}{}% 1
\BOOKMARK [1][-]{section.1.1}{\376\377\000A\000b\000o\000u\000t\000\040\000t\000h\000i\000s\000\040\000d\000o\000c\000u\000m\000e\000n\000t}{chapter.1}% 2
\BOOKMARK [1][-]{section.1.2}{\376\377\000G\000e\000t\000t\000i\000n\000g\000\040\000h\000e\000l\000p}{chapter.1}% 3
\BOOKMARK [1][-]{section.1.3}{\376\377\000W\000h\000a\000t\000\040\000i\000s\000\040\000I\000v\000o\000z\000P\000r\000o\000v\000i\000d\000e\000r\000?}{chapter.1}% 4
\BOOKMARK [1][-]{section.1.4}{\376\377\000W\000h\000a\000t\000\040\000i\000s\000\040\000i\000n\000s\000i\000d\000e\000\040\000I\000v\000o\000z\000P\000r\000o\000v\000i\000d\000e\000r\000?}{chapter.1}% 5
\BOOKMARK [1][-]{section.1.5}{\376\377\000W\000h\000o\000\040\000s\000h\000o\000u\000l\000d\000\040\000u\000s\000e\000\040\000I\000v\000o\000z\000P\000r\000o\000v\000i\000d\000e\000r\000?}{chapter.1}% 6
\BOOKMARK [0][-]{chapter.2}{\376\377\000P\000l\000a\000t\000f\000o\000r\000m\000\040\000g\000e\000n\000e\000r\000a\000l\000\040\000a\000r\000c\000h\000i\000t\000e\000c\000t\000u\000r\000e}{}% 7
\BOOKMARK [1][-]{section.2.1}{\376\377\000G\000e\000n\000e\000r\000a\000l\000\040\000d\000i\000a\000g\000r\000a\000m}{chapter.2}% 8
\BOOKMARK [1][-]{section.2.2}{\376\377\000S\000I\000P\000\040\000s\000i\000g\000n\000a\000l\000l\000i\000n\000g\000\040\000f\000l\000o\000w}{chapter.2}% 9
\BOOKMARK [1][-]{section.2.3}{\376\377\000R\000T\000P\000\040\000a\000u\000d\000i\000o\000\040\000f\000l\000o\000w}{chapter.2}% 10
\BOOKMARK [1][-]{section.2.4}{\376\377\000H\000T\000T\000P\000S\000\040\000t\000r\000a\000f\000f\000i\000c}{chapter.2}% 11
\BOOKMARK [1][-]{section.2.5}{\376\377\000A\000d\000d\000i\000t\000i\000o\000n\000a\000l\000\040\000e\000l\000e\000m\000e\000n\000t\000s}{chapter.2}% 12
\BOOKMARK [1][-]{section.2.6}{\376\377\000A\000u\000x\000i\000l\000i\000a\000r\000\040\000e\000l\000e\000m\000e\000n\000t\000s}{chapter.2}% 13
\BOOKMARK [0][-]{chapter.3}{\376\377\000P\000l\000a\000t\000f\000o\000r\000m\000\040\000r\000o\000l\000e\000s}{}% 14
\BOOKMARK [1][-]{section.3.1}{\376\377\000G\000l\000o\000b\000a\000l\000\040\000a\000d\000m\000i\000n\000i\000s\000t\000a\000t\000o\000r\000\040\000r\000o\000l\000e}{chapter.3}% 15
\BOOKMARK [1][-]{section.3.2}{\376\377\000B\000r\000a\000n\000d\000\040\000a\000n\000d\000m\000i\000n\000i\000s\000t\000a\000t\000o\000r\000\040\000r\000o\000l\000e}{chapter.3}% 16
\BOOKMARK [1][-]{section.3.3}{\376\377\000C\000o\000m\000p\000a\000n\000y\000\040\000a\000d\000m\000i\000n\000i\000s\000t\000a\000t\000o\000r\000\040\000r\000o\000l\000e}{chapter.3}% 17
\BOOKMARK [1][-]{section.3.4}{\376\377\000F\000i\000n\000a\000l\000\040\000u\000s\000e\000r\000\040\000r\000o\000l\000e}{chapter.3}% 18
\BOOKMARK [0][-]{chapter.4}{\376\377\000I\000n\000i\000t\000i\000a\000l\000\040\000I\000n\000s\000t\000a\000l\000l\000a\000t\000i\000o\000n}{}% 19
\BOOKMARK [1][-]{section.4.1}{\376\377\000I\000n\000s\000t\000a\000l\000l\000a\000t\000i\000o\000n\000\040\000T\000y\000p\000e\000s}{chapter.4}% 20
\BOOKMARK [1][-]{section.4.2}{\376\377\000M\000i\000n\000i\000m\000u\000m\000\040\000r\000e\000q\000u\000i\000r\000e\000m\000e\000n\000t\000s}{chapter.4}% 21
\BOOKMARK [1][-]{section.4.3}{\376\377\000D\000e\000b\000i\000a\000n\000\040\000p\000a\000c\000k\000a\000g\000e\000s\000\040\000i\000n\000s\000t\000a\000l\000l}{chapter.4}% 22
\BOOKMARK [1][-]{section.4.4}{\376\377\000A\000u\000t\000o\000m\000a\000t\000i\000c\000\040\000I\000S\000O\000\040\000C\000D\000\040\000i\000m\000a\000g\000e}{chapter.4}% 23
\BOOKMARK [1][-]{section.4.5}{\376\377\000E\000x\000t\000r\000a\000\040\000c\000o\000m\000p\000o\000n\000e\000n\000t\000s}{chapter.4}% 24
\BOOKMARK [0][-]{chapter.5}{\376\377\000M\000a\000k\000i\000n\000g\000\040\000i\000n\000t\000e\000r\000n\000a\000l\000\040\000c\000a\000l\000l\000s}{}% 25
\BOOKMARK [1][-]{section.5.1}{\376\377\000M\000a\000i\000n\000\040\000M\000a\000n\000a\000g\000e\000m\000e\000n\000t}{chapter.5}% 26
\BOOKMARK [1][-]{section.5.2}{\376\377\000B\000r\000a\000n\000d\000\040\000C\000o\000n\000f\000i\000g\000u\000r\000a\000t\000i\000o\000n}{chapter.5}% 27
\BOOKMARK [1][-]{section.5.3}{\376\377\000C\000o\000m\000p\000a\000n\000y\000\040\000C\000o\000n\000f\000i\000g\000u\000r\000a\000t\000i\000o\000n}{chapter.5}% 28
\BOOKMARK [1][-]{section.5.4}{\376\377\000S\000I\000P\000\040\000T\000e\000r\000m\000i\000n\000a\000l\000\040\000c\000o\000n\000f\000i\000g\000u\000r\000a\000t\000i\000o\000n}{chapter.5}% 29
\BOOKMARK [0][-]{chapter.6}{\376\377\000R\000e\000c\000e\000i\000v\000e\000\040\000e\000x\000t\000e\000r\000n\000a\000l\000\040\000c\000a\000l\000l\000s}{}% 30
\BOOKMARK [1][-]{section.6.1}{\376\377\000N\000u\000m\000e\000r\000i\000c\000\040\000t\000r\000a\000n\000s\000f\000o\000r\000m\000a\000t\000i\000o\000n\000s}{chapter.6}% 31
\BOOKMARK [1][-]{section.6.2}{\376\377\000C\000o\000n\000f\000i\000g\000u\000r\000i\000n\000g\000\040\000a\000\040\000P\000e\000e\000r\000i\000n\000g\000\040\000C\000o\000n\000t\000r\000a\000c\000t}{chapter.6}% 32
\BOOKMARK [1][-]{section.6.3}{\376\377\000C\000o\000n\000f\000i\000g\000u\000r\000i\000n\000g\000\040\000a\000n\000\040\000e\000x\000t\000e\000r\000n\000a\000l\000\040\000D\000D\000I}{chapter.6}% 33
\BOOKMARK [1][-]{section.6.4}{\376\377\000C\000o\000n\000f\000i\000g\000u\000r\000e\000\040\000i\000n\000c\000o\000m\000i\000n\000g\000\040\000r\000o\000u\000t\000e\000s}{chapter.6}% 34
\BOOKMARK [0][-]{chapter.7}{\376\377\000M\000a\000k\000i\000n\000g\000\040\000e\000x\000t\000e\000r\000n\000a\000l\000\040\000c\000a\000l\000l\000s}{}% 35
\BOOKMARK [1][-]{section.7.1}{\376\377\000W\000h\000e\000r\000e\000\040\000d\000o\000\040\000I\000\040\000c\000a\000l\000l\000?}{chapter.7}% 36
\BOOKMARK [1][-]{section.7.2}{\376\377\000O\000u\000t\000g\000o\000i\000n\000g\000\040\000R\000o\000u\000t\000i\000n\000g}{chapter.7}% 37
\BOOKMARK [1][-]{section.7.3}{\376\377\000O\000u\000t\000g\000o\000i\000n\000g\000\040\000D\000D\000I\000\040\000c\000o\000n\000f\000i\000g\000u\000r\000a\000t\000i\000o\000n}{chapter.7}% 38
\BOOKMARK [1][-]{section.7.4}{\376\377\000N\000o\000\040\000p\000r\000i\000c\000i\000n\000g\000\040\000p\000l\000a\000n\000,\000\040\000n\000o\000\040\000c\000a\000l\000l}{chapter.7}% 39
\BOOKMARK [0][-]{chapter.8}{\376\377\000P\000B\000X\000\040\000F\000e\000a\000t\000u\000r\000e\000s}{}% 40
\BOOKMARK [1][-]{section.8.1}{\376\377\000E\000x\000t\000e\000n\000s\000i\000o\000n\000s}{chapter.8}% 41
\BOOKMARK [1][-]{section.8.2}{\376\377\000T\000e\000r\000m\000i\000n\000a\000l\000s\000\040\000c\000o\000n\000f\000i\000g\000u\000r\000a\000t\000i\000o\000n}{chapter.8}% 42
\BOOKMARK [1][-]{section.8.3}{\376\377\000C\000a\000l\000l\000\040\000A\000C\000L\000\040\000C\000o\000n\000t\000r\000o\000l}{chapter.8}% 43
\BOOKMARK [1][-]{section.8.4}{\376\377\000U\000s\000e\000r\000s\000\040\000c\000o\000n\000f\000i\000g\000u\000r\000a\000t\000i\000o\000n}{chapter.8}% 44
\BOOKMARK [1][-]{section.8.5}{\376\377\000F\000r\000i\000e\000n\000d\000s}{chapter.8}% 45
\BOOKMARK [1][-]{section.8.6}{\376\377\000M\000u\000s\000i\000c\000\040\000o\000n\000\040\000H\000o\000l\000d}{chapter.8}% 46
\BOOKMARK [1][-]{section.8.7}{\376\377\000L\000o\000c\000u\000t\000i\000o\000n\000s}{chapter.8}% 47
\BOOKMARK [1][-]{section.8.8}{\376\377\000O\000u\000t\000g\000o\000i\000n\000g\000\040\000D\000D\000I\000\040\000R\000u\000l\000e\000s}{chapter.8}% 48
\BOOKMARK [1][-]{section.8.9}{\376\377\000E\000x\000t\000e\000r\000n\000a\000l\000\040\000C\000a\000l\000l\000\040\000f\000i\000l\000t\000e\000r\000s}{chapter.8}% 49
\BOOKMARK [1][-]{section.8.10}{\376\377\000M\000a\000t\000c\000h\000\040\000L\000i\000s\000t\000s}{chapter.8}% 50
\BOOKMARK [1][-]{section.8.11}{\376\377\000R\000o\000u\000t\000e\000\040\000l\000o\000c\000k\000s}{chapter.8}% 51
\BOOKMARK [1][-]{section.8.12}{\376\377\000C\000o\000n\000d\000i\000t\000i\000o\000n\000a\000l\000\040\000r\000o\000u\000t\000e\000s}{chapter.8}% 52
\BOOKMARK [1][-]{section.8.13}{\376\377\000H\000u\000n\000t\000\040\000g\000r\000o\000u\000p\000s}{chapter.8}% 53
\BOOKMARK [1][-]{section.8.14}{\376\377\000Q\000u\000e\000u\000e\000s}{chapter.8}% 54
\BOOKMARK [1][-]{section.8.15}{\376\377\000I\000n\000t\000e\000r\000a\000c\000t\000i\000v\000e\000\040\000V\000o\000i\000c\000e\000\040\000R\000e\000s\000p\000o\000n\000s\000e\000\040\000\050\000I\000V\000R\000\051}{chapter.8}% 55
\BOOKMARK [1][-]{section.8.16}{\376\377\000C\000o\000n\000f\000e\000r\000e\000n\000c\000e\000\040\000r\000o\000o\000m\000s}{chapter.8}% 56
\BOOKMARK [1][-]{section.8.17}{\376\377\000E\000x\000t\000e\000r\000n\000a\000l\000\040\000D\000D\000I\000s}{chapter.8}% 57
\BOOKMARK [1][-]{section.8.18}{\376\377\000C\000a\000l\000l\000\040\000p\000i\000c\000k\000u\000p}{chapter.8}% 58
\BOOKMARK [1][-]{section.8.19}{\376\377\000A\000d\000d\000i\000t\000i\000o\000n\000a\000l\000\040\000s\000e\000r\000v\000i\000c\000e\000s}{chapter.8}% 59
\BOOKMARK [1][-]{section.8.20}{\376\377\000C\000a\000l\000l\000\040\000r\000e\000c\000o\000r\000d\000i\000n\000g}{chapter.8}% 60
\BOOKMARK [0][-]{chapter.9}{\376\377\000R\000e\000t\000a\000i\000l\000\040\000C\000l\000i\000e\000n\000t\000s}{}% 61
\BOOKMARK [1][-]{section.9.1}{\376\377\000R\000e\000t\000a\000i\000l\000\040\000A\000c\000c\000o\000u\000n\000t\000s}{chapter.9}% 62
\BOOKMARK [1][-]{section.9.2}{\376\377\000R\000e\000t\000a\000i\000l\000\040\000D\000D\000I\000\040\000f\000i\000l\000t\000e\000r\000s}{chapter.9}% 63
\BOOKMARK [1][-]{section.9.3}{\376\377\000R\000e\000t\000a\000i\000l\000\040\000D\000D\000I\000s}{chapter.9}% 64
\BOOKMARK [1][-]{section.9.4}{\376\377\000V\000i\000r\000t\000u\000a\000l\000\040\000F\000a\000x\000\040\000S\000y\000s\000t\000e\000m}{chapter.9}% 65
\BOOKMARK [0][-]{chapter.10}{\376\377\000B\000i\000l\000l\000i\000n\000g\000\040\000a\000n\000d\000\040\000I\000n\000v\000o\000i\000c\000e\000s}{}% 66
\BOOKMARK [1][-]{section.10.1}{\376\377\000C\000a\000l\000l\000\040\000R\000e\000g\000i\000s\000t\000r\000y}{chapter.10}% 67
\BOOKMARK [1][-]{section.10.2}{\376\377\000B\000i\000l\000l\000a\000b\000l\000e\000\040\000c\000a\000l\000l\000s}{chapter.10}% 68
\BOOKMARK [1][-]{section.10.3}{\376\377\000P\000r\000i\000c\000i\000n\000g\000\040\000p\000l\000a\000n\000s}{chapter.10}% 69
\BOOKMARK [1][-]{section.10.4}{\376\377\000C\000a\000l\000l\000\040\000b\000i\000l\000l\000i\000n\000g}{chapter.10}% 70
\BOOKMARK [1][-]{section.10.5}{\376\377\000I\000n\000v\000o\000i\000c\000e\000\040\000g\000e\000n\000e\000r\000a\000t\000i\000o\000n}{chapter.10}% 71
\BOOKMARK [0][-]{chapter.11}{\376\377\000T\000e\000r\000m\000i\000n\000a\000l\000\040\000p\000r\000o\000v\000i\000s\000i\000o\000n\000i\000n\000g}{}% 72
\BOOKMARK [1][-]{section.11.1}{\376\377\000O\000v\000e\000r\000v\000i\000e\000w}{chapter.11}% 73
\BOOKMARK [1][-]{section.11.2}{\376\377\000C\000o\000n\000f\000i\000g\000u\000r\000a\000t\000i\000o\000n\000\040\000o\000f\000\040\000s\000u\000p\000p\000o\000r\000t\000e\000d\000\040\000m\000o\000d\000e\000l\000s}{chapter.11}% 74
\BOOKMARK [1][-]{section.11.3}{\376\377\000G\000e\000t\000t\000i\000n\000g\000\040\000t\000e\000c\000h\000n\000i\000c\000a\000l}{chapter.11}% 75
\BOOKMARK [0][-]{chapter.12}{\376\377\000U\000s\000e\000r\000\040\000P\000o\000r\000t\000a\000l}{}% 76
\BOOKMARK [1][-]{section.12.1}{\376\377\000A\000c\000c\000e\000s\000s\000\040\000U\000R\000L\000s}{chapter.12}% 77
\BOOKMARK [1][-]{section.12.2}{\376\377\000A\000c\000c\000e\000s\000s\000\040\000c\000r\000e\000d\000e\000n\000t\000i\000a\000l\000s}{chapter.12}% 78
\BOOKMARK [0][-]{chapter.13}{\376\377\000S\000e\000c\000u\000r\000i\000t\000y\000\040\000e\000l\000e\000m\000e\000n\000t\000s}{}% 79
\BOOKMARK [1][-]{section.13.1}{\376\377\000F\000i\000r\000e\000w\000a\000l\000l}{chapter.13}% 80
\BOOKMARK [1][-]{section.13.2}{\376\377\000A\000u\000t\000h\000o\000r\000i\000z\000e\000d\000\040\000c\000o\000m\000p\000a\000n\000y\000\040\000I\000P\000\040\000r\000a\000n\000g\000e\000s}{chapter.13}% 81
\BOOKMARK [1][-]{section.13.3}{\376\377\000A\000n\000t\000i\000-\000f\000l\000o\000o\000d\000i\000n\000g}{chapter.13}% 82
\BOOKMARK [1][-]{section.13.4}{\376\377\000C\000o\000n\000c\000u\000r\000r\000e\000n\000t\000\040\000c\000a\000l\000l\000\040\000l\000i\000m\000i\000t}{chapter.13}% 83
\BOOKMARK [0][-]{chapter.14}{\376\377\000M\000a\000i\000n\000t\000e\000n\000a\000n\000c\000e\000\040\000a\000n\000d\000\040\000t\000r\000o\000u\000b\000l\000e\000s\000h\000o\000o\000t\000i\000n\000g}{}% 84
\BOOKMARK [1][-]{section.14.1}{\376\377\000A\000n\000a\000l\000y\000z\000i\000n\000g\000\040\000S\000I\000P\000\040\000t\000r\000a\000f\000f\000i\000c}{chapter.14}% 85
\BOOKMARK [1][-]{section.14.2}{\376\377\000L\000o\000g\000\040\000v\000i\000e\000w\000e\000r}{chapter.14}% 86
